<?xml version="1.0" encoding="UTF-8"?>
<!-- Generated by org.testng.reporters.JUnitReportReporter -->
<testsuite skipped="0" hostname="muhammeds-MBP.home" name="firstjavatestNGfile.NewTest" tests="1" failures="0" timestamp="22 May 2018 06:09:37 GMT" time="0.036" errors="0">
  <testcase name="f" time="0.036" classname="firstjavatestNGfile.NewTest"/>
</testsuite> <!-- firstjavatestNGfile.NewTest -->
